###############################################################################
#                                                                             #
# IAR C/C++ Compiler V8.10.3.10338/W32 for 8051         01/May/2023  11:33:14 #
# Copyright 2004-2011 IAR Systems AB.                                         #
#                                                                             #
#    Core               =  plain                                              #
#    Code model         =  banked                                             #
#    Data model         =  large                                              #
#    Calling convention =  xdata reentrant                                    #
#    Constant location  =  data_rom                                           #
#    Dptr setup         =  1,16                                               #
#    Source file        =  D:\◊ ¡œ\∞À≥«-V2\∑‰≥≤\–¬±‡ΩÃ≥Ã\CC2530\NODERED-∑Á…»ø #
#                          ÿ÷∆\Components\HARDWARE\Fan.c                      #
#    Command line       =  -f D:\◊ ¡œ\∞À≥«-V2\∑‰≥≤\–¬±‡ΩÃ≥Ã\CC2530\NODERED-∑Á #
#                          …»øÿ÷∆\Projects\zstack\Samples\SampleApp\CC2530DB\ #
#                          ..\..\..\Tools\CC2530DB\f8wEndev.cfg (-DCPU32MHZ   #
#                          -DROOT=__near_func -DBLINK_LEDS) -f                #
#                          D:\◊ ¡œ\∞À≥«-V2\∑‰≥≤\–¬±‡ΩÃ≥Ã\CC2530\NODERED-∑Á…»ø #
#                          ÿ÷∆\Projects\zstack\Samples\SampleApp\CC2530DB\..\ #
#                          ..\..\Tools\CC2530DB\f8wConfig.cfg (-DSECURE=0     #
#                          -DZG_SECURE_DYNAMIC=0 -DREFLECTOR                  #
#                          -DDEFAULT_CHANLIST=0x00000800                      #
#                          -DZDAPP_CONFIG_PAN_ID=0xFF11                       #
#                          -DNWK_START_DELAY=100 -DEXTENDED_JOINING_RANDOM_MA #
#                          SK=0x007F -DBEACON_REQUEST_DELAY=100               #
#                          -DBEACON_REQ_DELAY_MASK=0x00FF                     #
#                          -DROUTE_EXPIRY_TIME=30 -DAPSC_ACK_WAIT_DURATION_PO #
#                          LLED=3000 -DNWK_INDIRECT_MSG_TIMEOUT=7             #
#                          -DMAX_RREQ_ENTRIES=8 -DAPSC_MAX_FRAME_RETRIES=3    #
#                          -DNWK_MAX_DATA_RETRIES=2                           #
#                          -DMAX_POLL_FAILURE_RETRIES=2 -DMAX_BCAST=9         #
#                          -DAPS_MAX_GROUPS=16 -DMAX_RTG_ENTRIES=40           #
#                          -DNWK_MAX_BINDING_ENTRIES=4                        #
#                          -DMAX_BINDING_CLUSTER_IDS=4 "-DDEFAULT_KEY={0x01,  #
#                          0x03, 0x05, 0x07, 0x09, 0x0B, 0x0D, 0x0F, 0x00,    #
#                          0x02, 0x04, 0x06, 0x08, 0x0A, 0x0C, 0x0D}"         #
#                          -DMAC_MAX_FRAME_SIZE=116 "-DCONST=const __code"    #
#                          -DGENERIC=__generic -DRFD_RCVC_ALWAYS_ON=FALSE     #
#                          -DPOLL_RATE=1000 -DQUEUED_POLL_RATE=100            #
#                          -DRESPONSE_POLL_RATE=100) -DREJOIN_POLL_RATE=440   #
#                          D:\◊ ¡œ\∞À≥«-V2\∑‰≥≤\–¬±‡ΩÃ≥Ã\CC2530\NODERED-∑Á…»ø #
#                          ÿ÷∆\Components\HARDWARE\Fan.c -D NWK_AUTO_POLL -D  #
#                          ZTOOL_P1 -D MT_SYS_FUNC -D MT_ZDO_FUNC -D          #
#                          LCD_SUPPORTED=DEBUG -lC D:\◊ ¡œ\∞À≥«-V2\∑‰≥≤\–¬±‡Ω #
#                          Ã≥Ã\CC2530\NODERED-∑Á…»øÿ÷∆\Projects\zstack\Sample #
#                          s\SampleApp\CC2530DB\EndDevice\List\ -lA           #
#                          D:\◊ ¡œ\∞À≥«-V2\∑‰≥≤\–¬±‡ΩÃ≥Ã\CC2530\NODERED-∑Á…»ø #
#                          ÿ÷∆\Projects\zstack\Samples\SampleApp\CC2530DB\End #
#                          Device\List\ --diag_suppress Pe001,Pa010 -o        #
#                          D:\◊ ¡œ\∞À≥«-V2\∑‰≥≤\–¬±‡ΩÃ≥Ã\CC2530\NODERED-∑Á…»ø #
#                          ÿ÷∆\Projects\zstack\Samples\SampleApp\CC2530DB\End #
#                          Device\Obj\ -e --no_unroll --no_inline --no_tbaa   #
#                          --debug --core=plain --dptr=16,1                   #
#                          --data_model=large --code_model=banked             #
#                          --calling_convention=xdata_reentrant               #
#                          --place_constants=data_rom --nr_virtual_regs 16    #
#                          -I D:\◊ ¡œ\∞À≥«-V2\∑‰≥≤\–¬±‡ΩÃ≥Ã\CC2530\NODERED-∑Á #
#                          …»øÿ÷∆\Projects\zstack\Samples\SampleApp\CC2530DB\ #
#                           -I D:\◊ ¡œ\∞À≥«-V2\∑‰≥≤\–¬±‡ΩÃ≥Ã\CC2530\NODERED-∑ #
#                          Á…»øÿ÷∆\Projects\zstack\Samples\SampleApp\CC2530DB #
#                          \..\SOURCE\ -I D:\◊ ¡œ\∞À≥«-V2\∑‰≥≤\–¬±‡ΩÃ≥Ã\CC253 #
#                          0\NODERED-∑Á…»øÿ÷∆\Projects\zstack\Samples\SampleA #
#                          pp\CC2530DB\..\..\..\ZMAIN\TI2530DB\ -I            #
#                          D:\◊ ¡œ\∞À≥«-V2\∑‰≥≤\–¬±‡ΩÃ≥Ã\CC2530\NODERED-∑Á…»ø #
#                          ÿ÷∆\Projects\zstack\Samples\SampleApp\CC2530DB\..\ #
#                          ..\..\..\..\COMPONENTS\MT\ -I                      #
#                          D:\◊ ¡œ\∞À≥«-V2\∑‰≥≤\–¬±‡ΩÃ≥Ã\CC2530\NODERED-∑Á…»ø #
#                          ÿ÷∆\Projects\zstack\Samples\SampleApp\CC2530DB\..\ #
#                          ..\..\..\..\COMPONENTS\HAL\INCLUDE\ -I             #
#                          D:\◊ ¡œ\∞À≥«-V2\∑‰≥≤\–¬±‡ΩÃ≥Ã\CC2530\NODERED-∑Á…»ø #
#                          ÿ÷∆\Projects\zstack\Samples\SampleApp\CC2530DB\..\ #
#                          ..\..\..\..\COMPONENTS\HAL\TARGET\CC2530EB\ -I     #
#                          D:\◊ ¡œ\∞À≥«-V2\∑‰≥≤\–¬±‡ΩÃ≥Ã\CC2530\NODERED-∑Á…»ø #
#                          ÿ÷∆\Projects\zstack\Samples\SampleApp\CC2530DB\..\ #
#                          ..\..\..\..\COMPONENTS\OSAL\MCU\CCSOC\ -I          #
#                          D:\◊ ¡œ\∞À≥«-V2\∑‰≥≤\–¬±‡ΩÃ≥Ã\CC2530\NODERED-∑Á…»ø #
#                          ÿ÷∆\Projects\zstack\Samples\SampleApp\CC2530DB\..\ #
#                          ..\..\..\..\COMPONENTS\OSAL\INCLUDE\ -I            #
#                          D:\◊ ¡œ\∞À≥«-V2\∑‰≥≤\–¬±‡ΩÃ≥Ã\CC2530\NODERED-∑Á…»ø #
#                          ÿ÷∆\Projects\zstack\Samples\SampleApp\CC2530DB\..\ #
#                          ..\..\..\..\COMPONENTS\STACK\AF\ -I                #
#                          D:\◊ ¡œ\∞À≥«-V2\∑‰≥≤\–¬±‡ΩÃ≥Ã\CC2530\NODERED-∑Á…»ø #
#                          ÿ÷∆\Projects\zstack\Samples\SampleApp\CC2530DB\..\ #
#                          ..\..\..\..\COMPONENTS\STACK\NWK\ -I               #
#                          D:\◊ ¡œ\∞À≥«-V2\∑‰≥≤\–¬±‡ΩÃ≥Ã\CC2530\NODERED-∑Á…»ø #
#                          ÿ÷∆\Projects\zstack\Samples\SampleApp\CC2530DB\..\ #
#                          ..\..\..\..\COMPONENTS\STACK\SEC\ -I               #
#                          D:\◊ ¡œ\∞À≥«-V2\∑‰≥≤\–¬±‡ΩÃ≥Ã\CC2530\NODERED-∑Á…»ø #
#                          ÿ÷∆\Projects\zstack\Samples\SampleApp\CC2530DB\..\ #
#                          ..\..\..\..\COMPONENTS\STACK\SAPI\ -I              #
#                          D:\◊ ¡œ\∞À≥«-V2\∑‰≥≤\–¬±‡ΩÃ≥Ã\CC2530\NODERED-∑Á…»ø #
#                          ÿ÷∆\Projects\zstack\Samples\SampleApp\CC2530DB\..\ #
#                          ..\..\..\..\COMPONENTS\STACK\SYS\ -I               #
#                          D:\◊ ¡œ\∞À≥«-V2\∑‰≥≤\–¬±‡ΩÃ≥Ã\CC2530\NODERED-∑Á…»ø #
#                          ÿ÷∆\Projects\zstack\Samples\SampleApp\CC2530DB\..\ #
#                          ..\..\..\..\COMPONENTS\STACK\ZDO\ -I               #
#                          D:\◊ ¡œ\∞À≥«-V2\∑‰≥≤\–¬±‡ΩÃ≥Ã\CC2530\NODERED-∑Á…»ø #
#                          ÿ÷∆\Projects\zstack\Samples\SampleApp\CC2530DB\..\ #
#                          ..\..\..\..\COMPONENTS\ZMAC\F8W\ -I                #
#                          D:\◊ ¡œ\∞À≥«-V2\∑‰≥≤\–¬±‡ΩÃ≥Ã\CC2530\NODERED-∑Á…»ø #
#                          ÿ÷∆\Projects\zstack\Samples\SampleApp\CC2530DB\..\ #
#                          ..\..\..\..\COMPONENTS\ZMAC\ -I                    #
#                          D:\◊ ¡œ\∞À≥«-V2\∑‰≥≤\–¬±‡ΩÃ≥Ã\CC2530\NODERED-∑Á…»ø #
#                          ÿ÷∆\Projects\zstack\Samples\SampleApp\CC2530DB\..\ #
#                          ..\..\..\..\COMPONENTS\SERVICES\SADDR\ -I          #
#                          D:\◊ ¡œ\∞À≥«-V2\∑‰≥≤\–¬±‡ΩÃ≥Ã\CC2530\NODERED-∑Á…»ø #
#                          ÿ÷∆\Projects\zstack\Samples\SampleApp\CC2530DB\..\ #
#                          ..\..\..\..\COMPONENTS\SERVICES\SDATA\ -I          #
#                          D:\◊ ¡œ\∞À≥«-V2\∑‰≥≤\–¬±‡ΩÃ≥Ã\CC2530\NODERED-∑Á…»ø #
#                          ÿ÷∆\Projects\zstack\Samples\SampleApp\CC2530DB\..\ #
#                          ..\..\..\..\COMPONENTS\MAC\INCLUDE\ -I             #
#                          D:\◊ ¡œ\∞À≥«-V2\∑‰≥≤\–¬±‡ΩÃ≥Ã\CC2530\NODERED-∑Á…»ø #
#                          ÿ÷∆\Projects\zstack\Samples\SampleApp\CC2530DB\..\ #
#                          ..\..\..\..\COMPONENTS\MAC\HIGH_LEVEL\ -I          #
#                          D:\◊ ¡œ\∞À≥«-V2\∑‰≥≤\–¬±‡ΩÃ≥Ã\CC2530\NODERED-∑Á…»ø #
#                          ÿ÷∆\Projects\zstack\Samples\SampleApp\CC2530DB\..\ #
#                          ..\..\..\..\COMPONENTS\MAC\LOW_LEVEL\srf04\ -I     #
#                          D:\◊ ¡œ\∞À≥«-V2\∑‰≥≤\–¬±‡ΩÃ≥Ã\CC2530\NODERED-∑Á…»ø #
#                          ÿ÷∆\Projects\zstack\Samples\SampleApp\CC2530DB\..\ #
#                          ..\..\..\..\COMPONENTS\MAC\LOW_LEVEL\srf04\SINGLE_ #
#                          CHIP\ -I D:\◊ ¡œ\∞À≥«-V2\∑‰≥≤\–¬±‡ΩÃ≥Ã\CC2530\NODE #
#                          RED-∑Á…»øÿ÷∆\Projects\zstack\Samples\SampleApp\CC2 #
#                          530DB\..\..\..\..\..\COMPONENTS\HARDWARE\ -Om      #
#    List file          =  D:\◊ ¡œ\∞À≥«-V2\∑‰≥≤\–¬±‡ΩÃ≥Ã\CC2530\NODERED-∑Á…»ø #
#                          ÿ÷∆\Projects\zstack\Samples\SampleApp\CC2530DB\End #
#                          Device\List\Fan.lst                                #
#    Object file        =  D:\◊ ¡œ\∞À≥«-V2\∑‰≥≤\–¬±‡ΩÃ≥Ã\CC2530\NODERED-∑Á…»ø #
#                          ÿ÷∆\Projects\zstack\Samples\SampleApp\CC2530DB\End #
#                          Device\Obj\Fan.r51                                 #
#                                                                             #
#                                                                             #
###############################################################################

D:\◊ ¡œ\∞À≥«-V2\∑‰≥≤\–¬±‡ΩÃ≥Ã\CC2530\NODERED-∑Á…»øÿ÷∆\Components\HARDWARE\Fan.c
      1          #include "Fan.h"

  #ifndef __Fan_H
                ^
"D:\◊ ¡œ\∞À≥«-V2\∑‰≥≤\–¬±‡ΩÃ≥Ã\CC2530\NODERED-∑Á…»øÿ÷∆\Components\HARDWARE\Fan.h",1  Warning[Pa050]: 
          non-native end of line sequence detected (this diagnostic is only
          issued once)

   \                                 In  segment SFR_AN, at 0x80
   \   union <unnamed> volatile __sfr _A_P0
   \                     _A_P0:
   \   000000                DS 1

   \                                 In  segment SFR_AN, at 0xf3
   \   unsigned char volatile __sfr P0SEL
   \                     P0SEL:
   \   000000                DS 1

   \                                 In  segment SFR_AN, at 0xfd
   \   unsigned char volatile __sfr P0DIR
   \                     P0DIR:
   \   000000                DS 1
      2          void FanOff(void);
      3          /*
      4          ≥ı ºªØ∑Á…»øÿ÷∆IO
      5          */

   \                                 In  segment BANKED_CODE, align 1, keep-with-next
      6          void Fan_Init(void)
   \                     Fan_Init:
      7          {
   \   000000   C082         PUSH    DPL
   \   000002   C083         PUSH    DPH
   \   000004                ; Saved register size: 2
   \   000004                ; Auto size: 0
      8             P0SEL &= ~0x02; //GPIOπ¶ƒ‹
   \   000004   53F3FD       ANL     0xf3,#0xfd
      9             P0DIR |= 0x02;      //P0.1∂®“ÂŒ™ ‰≥ˆ
   \   000007   43FD02       ORL     0xfd,#0x2
     10             //P0OUTP &= ~0x02;     //¥Úø™P0.0°¢P0.1…œ¿≠µÁ◊Ë
     11             FanOff();
   \   00000A                ; Setup parameters for call to function FanOff
   \   00000A   12....       LCALL   ??FanOff?relay
     12          }
   \   00000D   D083         POP     DPH
   \   00000F   D082         POP     DPL
   \   000011   02....       LJMP    ?BRET
   \   000014                REQUIRE P0SEL
   \   000014                REQUIRE P0DIR
     13          /*
     14          øÿ÷∆∑Á…»◊™∂Ø
     15          */

   \                                 In  segment BANKED_CODE, align 1, keep-with-next
     16          void FanOn(void)
   \                     FanOn:
     17          {
   \   000000                ; Saved register size: 0
   \   000000                ; Auto size: 0
     18            Fan = 1;
   \   000000   D281         SETB    0x80.1
     19          }
   \   000002   02....       LJMP    ?BRET
   \   000005                REQUIRE _A_P0
     20          /*
     21          øÿ÷∆∑Á…»Õ£÷π
     22          */

   \                                 In  segment BANKED_CODE, align 1, keep-with-next
     23          void FanOff(void)
   \                     FanOff:
     24          {
   \   000000                ; Saved register size: 0
   \   000000                ; Auto size: 0
     25            Fan = 0;
   \   000000   C281         CLR     0x80.1
     26          }
   \   000002   02....       LJMP    ?BRET
   \   000005                REQUIRE _A_P0

   \                                 In  segment BANK_RELAYS, align 1
   \                     ??Fan_Init?relay:
   \   000000   12....       LCALL   ?BDISPATCH
   \   000003   ......       DC24    Fan_Init

   \                                 In  segment BANK_RELAYS, align 1
   \                     ??FanOn?relay:
   \   000000   12....       LCALL   ?BDISPATCH
   \   000003   ......       DC24    FanOn

   \                                 In  segment BANK_RELAYS, align 1
   \                     ??FanOff?relay:
   \   000000   12....       LCALL   ?BDISPATCH
   \   000003   ......       DC24    FanOff

   Maximum stack usage in bytes:

     Function    ISTACK PSTACK XSTACK
     --------    ------ ------ ------
     FanOff          0      0      0
     FanOn           0      0      0
     Fan_Init        2      0      0
       -> FanOff     4      0      0


   Segment part sizes:

     Function/Label   Bytes
     --------------   -----
     _A_P0               1
     P0SEL               1
     P0DIR               1
     Fan_Init           20
     FanOn               5
     FanOff              5
     ??Fan_Init?relay    6
     ??FanOn?relay       6
     ??FanOff?relay      6

 
 30 bytes in segment BANKED_CODE
 18 bytes in segment BANK_RELAYS
  3 bytes in segment SFR_AN
 
 48 bytes of CODE memory
  0 bytes of DATA memory (+ 3 bytes shared)

Errors: none
Warnings: 1
