###############################################################################
#                                                                             #
# IAR C/C++ Compiler V8.10.3.10338/W32 for 8051         22/Apr/2023  11:25:12 #
# Copyright 2004-2011 IAR Systems AB.                                         #
#                                                                             #
#    Core               =  plain                                              #
#    Code model         =  banked                                             #
#    Data model         =  large                                              #
#    Calling convention =  xdata reentrant                                    #
#    Constant location  =  data_rom                                           #
#    Dptr setup         =  1,16                                               #
#    Source file        =  D:\×ÊÁÏ\°Ë³Ç-V2\·ä³²\eps-master\eps-master\ZigBeeÍ #
#                          ¨ĞÅÊµÑé\1.ZigBeeÍøÂç´«ÊäÎÂÊª¶ÈÊµÑé\Components\HARD #
#                          WARE\delay.c                                       #
#    Command line       =  -f D:\×ÊÁÏ\°Ë³Ç-V2\·ä³²\eps-master\eps-master\ZigB #
#                          eeÍ¨ĞÅÊµÑé\1.ZigBeeÍøÂç´«ÊäÎÂÊª¶ÈÊµÑé\Projects\zst #
#                          ack\Samples\SampleApp\CC2530DB\..\..\..\Tools\CC25 #
#                          30DB\f8wCoord.cfg (-DCPU32MHZ -DROOT=__near_func   #
#                          -DMAC_CFG_APP_PENDING_QUEUE=TRUE                   #
#                          -DZDO_COORDINATOR -DRTR_NWK -DBLINK_LEDS) -f       #
#                          D:\×ÊÁÏ\°Ë³Ç-V2\·ä³²\eps-master\eps-master\ZigBeeÍ #
#                          ¨ĞÅÊµÑé\1.ZigBeeÍøÂç´«ÊäÎÂÊª¶ÈÊµÑé\Projects\zstack #
#                          \Samples\SampleApp\CC2530DB\..\..\..\Tools\CC2530D #
#                          B\f8wConfig.cfg (-DSECURE=0 -DZG_SECURE_DYNAMIC=0  #
#                          -DREFLECTOR -DDEFAULT_CHANLIST=0x00000800          #
#                          -DZDAPP_CONFIG_PAN_ID=0xFF11                       #
#                          -DNWK_START_DELAY=100 -DEXTENDED_JOINING_RANDOM_MA #
#                          SK=0x007F -DBEACON_REQUEST_DELAY=100               #
#                          -DBEACON_REQ_DELAY_MASK=0x00FF                     #
#                          -DROUTE_EXPIRY_TIME=30 -DAPSC_ACK_WAIT_DURATION_PO #
#                          LLED=3000 -DNWK_INDIRECT_MSG_TIMEOUT=7             #
#                          -DMAX_RREQ_ENTRIES=8 -DAPSC_MAX_FRAME_RETRIES=3    #
#                          -DNWK_MAX_DATA_RETRIES=2                           #
#                          -DMAX_POLL_FAILURE_RETRIES=2 -DMAX_BCAST=9         #
#                          -DAPS_MAX_GROUPS=16 -DMAX_RTG_ENTRIES=40           #
#                          -DNWK_MAX_BINDING_ENTRIES=4                        #
#                          -DMAX_BINDING_CLUSTER_IDS=4 "-DDEFAULT_KEY={0x01,  #
#                          0x03, 0x05, 0x07, 0x09, 0x0B, 0x0D, 0x0F, 0x00,    #
#                          0x02, 0x04, 0x06, 0x08, 0x0A, 0x0C, 0x0D}"         #
#                          -DMAC_MAX_FRAME_SIZE=116 "-DCONST=const __code"    #
#                          -DGENERIC=__generic -DRFD_RCVC_ALWAYS_ON=FALSE     #
#                          -DPOLL_RATE=1000 -DQUEUED_POLL_RATE=100            #
#                          -DRESPONSE_POLL_RATE=100) -DREJOIN_POLL_RATE=440   #
#                          D:\×ÊÁÏ\°Ë³Ç-V2\·ä³²\eps-master\eps-master\ZigBeeÍ #
#                          ¨ĞÅÊµÑé\1.ZigBeeÍøÂç´«ÊäÎÂÊª¶ÈÊµÑé\Components\HARD #
#                          WARE\delay.c -D ZIGBEEPRO -D ZTOOL_P1 -D           #
#                          MT_SYS_FUNC -D xMT_ZDO_FUNC -D                     #
#                          LCD_SUPPORTED=DEBUG -D NV_RESTORE -lC              #
#                          D:\×ÊÁÏ\°Ë³Ç-V2\·ä³²\eps-master\eps-master\ZigBeeÍ #
#                          ¨ĞÅÊµÑé\1.ZigBeeÍøÂç´«ÊäÎÂÊª¶ÈÊµÑé\Projects\zstack #
#                          \Samples\SampleApp\CC2530DB\CoordinatorEB\List\    #
#                          -lA D:\×ÊÁÏ\°Ë³Ç-V2\·ä³²\eps-master\eps-master\Zig #
#                          BeeÍ¨ĞÅÊµÑé\1.ZigBeeÍøÂç´«ÊäÎÂÊª¶ÈÊµÑé\Projects\zs #
#                          tack\Samples\SampleApp\CC2530DB\CoordinatorEB\List #
#                          \ --diag_suppress Pe001,Pa010 -o                   #
#                          D:\×ÊÁÏ\°Ë³Ç-V2\·ä³²\eps-master\eps-master\ZigBeeÍ #
#                          ¨ĞÅÊµÑé\1.ZigBeeÍøÂç´«ÊäÎÂÊª¶ÈÊµÑé\Projects\zstack #
#                          \Samples\SampleApp\CC2530DB\CoordinatorEB\Obj\ -e  #
#                          --debug --core=plain --dptr=16,1                   #
#                          --data_model=large --code_model=banked             #
#                          --calling_convention=xdata_reentrant               #
#                          --place_constants=data_rom --nr_virtual_regs 16    #
#                          -I D:\×ÊÁÏ\°Ë³Ç-V2\·ä³²\eps-master\eps-master\ZigB #
#                          eeÍ¨ĞÅÊµÑé\1.ZigBeeÍøÂç´«ÊäÎÂÊª¶ÈÊµÑé\Projects\zst #
#                          ack\Samples\SampleApp\CC2530DB\ -I                 #
#                          D:\×ÊÁÏ\°Ë³Ç-V2\·ä³²\eps-master\eps-master\ZigBeeÍ #
#                          ¨ĞÅÊµÑé\1.ZigBeeÍøÂç´«ÊäÎÂÊª¶ÈÊµÑé\Projects\zstack #
#                          \Samples\SampleApp\CC2530DB\..\SOURCE\ -I          #
#                          D:\×ÊÁÏ\°Ë³Ç-V2\·ä³²\eps-master\eps-master\ZigBeeÍ #
#                          ¨ĞÅÊµÑé\1.ZigBeeÍøÂç´«ÊäÎÂÊª¶ÈÊµÑé\Projects\zstack #
#                          \Samples\SampleApp\CC2530DB\..\..\..\ZMAIN\TI2530D #
#                          B\ -I D:\×ÊÁÏ\°Ë³Ç-V2\·ä³²\eps-master\eps-master\Z #
#                          igBeeÍ¨ĞÅÊµÑé\1.ZigBeeÍøÂç´«ÊäÎÂÊª¶ÈÊµÑé\Projects\ #
#                          zstack\Samples\SampleApp\CC2530DB\..\..\..\..\..\C #
#                          OMPONENTS\MT\ -I D:\×ÊÁÏ\°Ë³Ç-V2\·ä³²\eps-master\e #
#                          ps-master\ZigBeeÍ¨ĞÅÊµÑé\1.ZigBeeÍøÂç´«ÊäÎÂÊª¶ÈÊµÑ #
#                          é\Projects\zstack\Samples\SampleApp\CC2530DB\..\.. #
#                          \..\..\..\COMPONENTS\HAL\INCLUDE\ -I               #
#                          D:\×ÊÁÏ\°Ë³Ç-V2\·ä³²\eps-master\eps-master\ZigBeeÍ #
#                          ¨ĞÅÊµÑé\1.ZigBeeÍøÂç´«ÊäÎÂÊª¶ÈÊµÑé\Projects\zstack #
#                          \Samples\SampleApp\CC2530DB\..\..\..\..\..\COMPONE #
#                          NTS\HAL\TARGET\CC2530EB\ -I                        #
#                          D:\×ÊÁÏ\°Ë³Ç-V2\·ä³²\eps-master\eps-master\ZigBeeÍ #
#                          ¨ĞÅÊµÑé\1.ZigBeeÍøÂç´«ÊäÎÂÊª¶ÈÊµÑé\Projects\zstack #
#                          \Samples\SampleApp\CC2530DB\..\..\..\..\..\COMPONE #
#                          NTS\OSAL\MCU\CCSOC\ -I D:\×ÊÁÏ\°Ë³Ç-V2\·ä³²\eps-ma #
#                          ster\eps-master\ZigBeeÍ¨ĞÅÊµÑé\1.ZigBeeÍøÂç´«ÊäÎÂÊ #
#                          ª¶ÈÊµÑé\Projects\zstack\Samples\SampleApp\CC2530DB #
#                          \..\..\..\..\..\COMPONENTS\OSAL\INCLUDE\ -I        #
#                          D:\×ÊÁÏ\°Ë³Ç-V2\·ä³²\eps-master\eps-master\ZigBeeÍ #
#                          ¨ĞÅÊµÑé\1.ZigBeeÍøÂç´«ÊäÎÂÊª¶ÈÊµÑé\Projects\zstack #
#                          \Samples\SampleApp\CC2530DB\..\..\..\..\..\COMPONE #
#                          NTS\STACK\AF\ -I D:\×ÊÁÏ\°Ë³Ç-V2\·ä³²\eps-master\e #
#                          ps-master\ZigBeeÍ¨ĞÅÊµÑé\1.ZigBeeÍøÂç´«ÊäÎÂÊª¶ÈÊµÑ #
#                          é\Projects\zstack\Samples\SampleApp\CC2530DB\..\.. #
#                          \..\..\..\COMPONENTS\STACK\NWK\ -I                 #
#                          D:\×ÊÁÏ\°Ë³Ç-V2\·ä³²\eps-master\eps-master\ZigBeeÍ #
#                          ¨ĞÅÊµÑé\1.ZigBeeÍøÂç´«ÊäÎÂÊª¶ÈÊµÑé\Projects\zstack #
#                          \Samples\SampleApp\CC2530DB\..\..\..\..\..\COMPONE #
#                          NTS\STACK\SEC\ -I D:\×ÊÁÏ\°Ë³Ç-V2\·ä³²\eps-master\ #
#                          eps-master\ZigBeeÍ¨ĞÅÊµÑé\1.ZigBeeÍøÂç´«ÊäÎÂÊª¶ÈÊµ #
#                          Ñé\Projects\zstack\Samples\SampleApp\CC2530DB\..\. #
#                          .\..\..\..\COMPONENTS\STACK\SAPI\ -I               #
#                          D:\×ÊÁÏ\°Ë³Ç-V2\·ä³²\eps-master\eps-master\ZigBeeÍ #
#                          ¨ĞÅÊµÑé\1.ZigBeeÍøÂç´«ÊäÎÂÊª¶ÈÊµÑé\Projects\zstack #
#                          \Samples\SampleApp\CC2530DB\..\..\..\..\..\COMPONE #
#                          NTS\STACK\SYS\ -I D:\×ÊÁÏ\°Ë³Ç-V2\·ä³²\eps-master\ #
#                          eps-master\ZigBeeÍ¨ĞÅÊµÑé\1.ZigBeeÍøÂç´«ÊäÎÂÊª¶ÈÊµ #
#                          Ñé\Projects\zstack\Samples\SampleApp\CC2530DB\..\. #
#                          .\..\..\..\COMPONENTS\STACK\ZDO\ -I                #
#                          D:\×ÊÁÏ\°Ë³Ç-V2\·ä³²\eps-master\eps-master\ZigBeeÍ #
#                          ¨ĞÅÊµÑé\1.ZigBeeÍøÂç´«ÊäÎÂÊª¶ÈÊµÑé\Projects\zstack #
#                          \Samples\SampleApp\CC2530DB\..\..\..\..\..\COMPONE #
#                          NTS\ZMAC\F8W\ -I D:\×ÊÁÏ\°Ë³Ç-V2\·ä³²\eps-master\e #
#                          ps-master\ZigBeeÍ¨ĞÅÊµÑé\1.ZigBeeÍøÂç´«ÊäÎÂÊª¶ÈÊµÑ #
#                          é\Projects\zstack\Samples\SampleApp\CC2530DB\..\.. #
#                          \..\..\..\COMPONENTS\ZMAC\ -I                      #
#                          D:\×ÊÁÏ\°Ë³Ç-V2\·ä³²\eps-master\eps-master\ZigBeeÍ #
#                          ¨ĞÅÊµÑé\1.ZigBeeÍøÂç´«ÊäÎÂÊª¶ÈÊµÑé\Projects\zstack #
#                          \Samples\SampleApp\CC2530DB\..\..\..\..\..\COMPONE #
#                          NTS\SERVICES\SADDR\ -I D:\×ÊÁÏ\°Ë³Ç-V2\·ä³²\eps-ma #
#                          ster\eps-master\ZigBeeÍ¨ĞÅÊµÑé\1.ZigBeeÍøÂç´«ÊäÎÂÊ #
#                          ª¶ÈÊµÑé\Projects\zstack\Samples\SampleApp\CC2530DB #
#                          \..\..\..\..\..\COMPONENTS\SERVICES\SDATA\ -I      #
#                          D:\×ÊÁÏ\°Ë³Ç-V2\·ä³²\eps-master\eps-master\ZigBeeÍ #
#                          ¨ĞÅÊµÑé\1.ZigBeeÍøÂç´«ÊäÎÂÊª¶ÈÊµÑé\Projects\zstack #
#                          \Samples\SampleApp\CC2530DB\..\..\..\..\..\COMPONE #
#                          NTS\MAC\INCLUDE\ -I D:\×ÊÁÏ\°Ë³Ç-V2\·ä³²\eps-maste #
#                          r\eps-master\ZigBeeÍ¨ĞÅÊµÑé\1.ZigBeeÍøÂç´«ÊäÎÂÊª¶È #
#                          ÊµÑé\Projects\zstack\Samples\SampleApp\CC2530DB\.. #
#                          \..\..\..\..\COMPONENTS\MAC\HIGH_LEVEL\ -I         #
#                          D:\×ÊÁÏ\°Ë³Ç-V2\·ä³²\eps-master\eps-master\ZigBeeÍ #
#                          ¨ĞÅÊµÑé\1.ZigBeeÍøÂç´«ÊäÎÂÊª¶ÈÊµÑé\Projects\zstack #
#                          \Samples\SampleApp\CC2530DB\..\..\..\..\..\COMPONE #
#                          NTS\MAC\LOW_LEVEL\srf04\ -I                        #
#                          D:\×ÊÁÏ\°Ë³Ç-V2\·ä³²\eps-master\eps-master\ZigBeeÍ #
#                          ¨ĞÅÊµÑé\1.ZigBeeÍøÂç´«ÊäÎÂÊª¶ÈÊµÑé\Projects\zstack #
#                          \Samples\SampleApp\CC2530DB\..\..\..\..\..\COMPONE #
#                          NTS\MAC\LOW_LEVEL\srf04\SINGLE_CHIP\ -I            #
#                          D:\×ÊÁÏ\°Ë³Ç-V2\·ä³²\eps-master\eps-master\ZigBeeÍ #
#                          ¨ĞÅÊµÑé\1.ZigBeeÍøÂç´«ÊäÎÂÊª¶ÈÊµÑé\Projects\zstack #
#                          \Samples\SampleApp\CC2530DB\..\..\..\..\..\COMPONE #
#                          NTS\HARDWARE\ -Ohz                                 #
#    List file          =  D:\×ÊÁÏ\°Ë³Ç-V2\·ä³²\eps-master\eps-master\ZigBeeÍ #
#                          ¨ĞÅÊµÑé\1.ZigBeeÍøÂç´«ÊäÎÂÊª¶ÈÊµÑé\Projects\zstack #
#                          \Samples\SampleApp\CC2530DB\CoordinatorEB\List\del #
#                          ay.lst                                             #
#    Object file        =  D:\×ÊÁÏ\°Ë³Ç-V2\·ä³²\eps-master\eps-master\ZigBeeÍ #
#                          ¨ĞÅÊµÑé\1.ZigBeeÍøÂç´«ÊäÎÂÊª¶ÈÊµÑé\Projects\zstack #
#                          \Samples\SampleApp\CC2530DB\CoordinatorEB\Obj\dela #
#                          y.r51                                              #
#                                                                             #
#                                                                             #
###############################################################################

D:\×ÊÁÏ\°Ë³Ç-V2\·ä³²\eps-master\eps-master\ZigBeeÍ¨ĞÅÊµÑé\1.ZigBeeÍøÂç´«ÊäÎÂÊª¶ÈÊµÑé\Components\HARDWARE\delay.c
      1          #include "delay.h"
                                  ^
Warning[Pa050]: non-native end of line sequence detected (this diagnostic is
          only issued once)
      2          
      3          //==========================================================
      4          //	º¯ÊıÃû³Æ£º	delay_ms()
      5          //
      6          //	º¯Êı¹¦ÄÜ£º	ºÁÃëÑÓÊ±º¯Êı
      7          //
      8          //	Èë¿Ú²ÎÊı£º	ÎŞ
      9          //
     10          //	·µ»Ø²ÎÊı£º	ÎŞ
     11          //
     12          //	ËµÃ÷£º		
     13          //==========================================================

   \                                 In  segment BANKED_CODE, align 1, keep-with-next
     14          void delay_ms(uint32 nms)
   \                     delay_ms:
     15          {		
   \   000000   74F0         MOV     A,#-0x10
   \   000002   12....       LCALL   ?BANKED_ENTER_XDATA
   \   000005                ; Saved register size: 16
   \   000005                ; Auto size: 0
   \   000005   8A..         MOV     ?V0 + 4,R2
   \   000007   8B..         MOV     ?V0 + 5,R3
   \   000009   8C..         MOV     ?V0 + 6,R4
   \   00000B   8D..         MOV     ?V0 + 7,R5
     16              uint16 i,j;
     17              
     18              for (i=0; i<nms; i++)
   \   00000D   7A00         MOV     R2,#0x0
   \   00000F   7B00         MOV     R3,#0x0
   \   000011   8008         SJMP    ??delay_ms_0
     19                  for (j=0; j<535; j++);
   \                     ??delay_ms_1:
   \   000013   EA           MOV     A,R2
   \   000014   2401         ADD     A,#0x1
   \   000016   0A           INC     R2
   \   000017   EB           MOV     A,R3
   \   000018   3400         ADDC    A,#0x0
   \   00001A   FB           MOV     R3,A
   \                     ??delay_ms_0:
   \   00001B   8A..         MOV     ?V0 + 0,R2
   \   00001D   8B..         MOV     ?V0 + 1,R3
   \   00001F   E4           CLR     A
   \   000020   F5..         MOV     ?V0 + 2,A
   \   000022   F5..         MOV     ?V0 + 3,A
   \   000024   78..         MOV     R0,#?V0 + 4
   \   000026   79..         MOV     R1,#?V0 + 0
   \   000028   12....       LCALL   ?UL_GT
   \   00002B   40E6         JC      ??delay_ms_1
     20          }
   \   00002D                REQUIRE ?Subroutine0
   \   00002D                ; // Fall through to label ?Subroutine0

   \                                 In  segment BANKED_CODE, align 1, keep-with-next
   \                     ?Subroutine0:
   \   000000   7F08         MOV     R7,#0x8
   \   000002   02....       LJMP    ?BANKED_LEAVE_XDATA
     21          
     22          //==========================================================
     23          //	º¯ÊıÃû³Æ£º	delay_us()
     24          //
     25          //	º¯Êı¹¦ÄÜ£º	Î¢ÃëÑÓÊ±º¯Êı
     26          //
     27          //	Èë¿Ú²ÎÊı£º	ÎŞ
     28          //
     29          //	·µ»Ø²ÎÊı£º	ÎŞ
     30          //
     31          //	ËµÃ÷£º		
     32          //==========================================================

   \                                 In  segment BANKED_CODE, align 1, keep-with-next
     33          void delay_us(uint32 nus)
   \                     delay_us:
     34          {		
   \   000000   74F0         MOV     A,#-0x10
   \   000002   12....       LCALL   ?BANKED_ENTER_XDATA
   \   000005                ; Saved register size: 16
   \   000005                ; Auto size: 0
   \   000005   8A..         MOV     ?V0 + 4,R2
   \   000007   8B..         MOV     ?V0 + 5,R3
   \   000009   8C..         MOV     ?V0 + 6,R4
   \   00000B   8D..         MOV     ?V0 + 7,R5
     35              uint8 i;
     36              
     37              for (i=0; i<nus; i++);
   \   00000D   7A00         MOV     R2,#0x0
   \   00000F   8001         SJMP    ??delay_us_0
   \                     ??delay_us_1:
   \   000011   0A           INC     R2
   \                     ??delay_us_0:
   \   000012   8A..         MOV     ?V0 + 0,R2
   \   000014   E4           CLR     A
   \   000015   F5..         MOV     ?V0 + 1,A
   \   000017   F5..         MOV     ?V0 + 2,A
   \   000019   F5..         MOV     ?V0 + 3,A
   \   00001B   78..         MOV     R0,#?V0 + 4
   \   00001D   79..         MOV     R1,#?V0 + 0
   \   00001F   12....       LCALL   ?UL_GT
   \   000022   40ED         JC      ??delay_us_1
     38          }
   \   000024   80..         SJMP    ?Subroutine0

   \                                 In  segment BANK_RELAYS, align 1
   \                     ??delay_ms?relay:
   \   000000   12....       LCALL   ?BDISPATCH
   \   000003   ......       DC24    delay_ms

   \                                 In  segment BANK_RELAYS, align 1
   \                     ??delay_us?relay:
   \   000000   12....       LCALL   ?BDISPATCH
   \   000003   ......       DC24    delay_us
     39          
     40          
     41          //==========================================================
     42          //	º¯ÊıÃû³Æ£º	Hal_Init_Mcu()
     43          //
     44          //	º¯Êı¹¦ÄÜ£º	Ê±ÖÓ³õÊ¼»¯
     45          //
     46          //	Èë¿Ú²ÎÊı£º	ÎŞ
     47          //
     48          //	·µ»Ø²ÎÊı£º	ÎŞ
     49          //
     50          //	ËµÃ÷£º		
     51          //==========================================================
     52          //void Hal_Init_Mcu(void)
     53          //{
     54          //
     55          //  SLEEPCMD &= ~0X04;//½«Á½¸ö¸ßÆµµÄ¾§ÕñÍ¬Ê±ÉÏµç(¼´Í¬Ê±¿ªÆô)
     56          //
     57          //
     58          //  while(!(SLEEPSTA & 0x20) || !(SLEEPSTA & 0x40));//µÈ´ıÁ½¸ö¸ßÆµ¾§Õñ¶¼ÎÈ¶¨
     59          //  
     60          //  asm("NOP");
     61          //
     62          //  {
     63          //
     64          //    uint16 i;
     65          //
     66          //    for(i=0;i<504;i++)
     67          //
     68          //    asm("NOP");
     69          //  }
     70          //
     71          //  CLKCONCMD = 0X00;
     72          //  SLEEPCMD |= 0X04;
     73          //
     74          //}

   Maximum stack usage in bytes:

     Function ISTACK PSTACK XSTACK
     -------- ------ ------ ------
     delay_ms     0      0     16
     delay_us     0      0     16


   Segment part sizes:

     Function/Label   Bytes
     --------------   -----
     delay_ms           45
     ?Subroutine0        5
     delay_us           38
     ??delay_ms?relay    6
     ??delay_us?relay    6

 
 88 bytes in segment BANKED_CODE
 12 bytes in segment BANK_RELAYS
 
 100 bytes of CODE memory

Errors: none
Warnings: 1
